#! /usr/local/iverilog/bin/vvp
:ivl_version "11.0 (devel)" "(s20150603-612-ga9388a89)";
:ivl_delay_selection "TYPICAL";
:vpi_time_precision + 0;
:vpi_module "system";
:vpi_module "vhdl_sys";
:vpi_module "vhdl_textio";
:vpi_module "v2005_math";
:vpi_module "va_math";
S_00000000006cc440 .scope module, "countrce" "countrce" 2 33;
 .timescale 0 0;
    .port_info 0 /OUTPUT 4 "q";
    .port_info 1 /INPUT 4 "d";
    .port_info 2 /INPUT 1 "ld";
    .port_info 3 /INPUT 1 "ce";
    .port_info 4 /INPUT 1 "rst";
    .port_info 5 /INPUT 1 "clk";
P_00000000006cd080 .param/l "WIDTH" 0 2 33, +C4<00000000000000000000000000000100>;
L_00000000006cc230 .functor NOT 1, L_00000000006c0220, C4<0>, C4<0>, C4<0>;
v00000000006bf640_0 .net *"_s16", 0 0, L_00000000006c0220;  1 drivers
v00000000006bf6e0_0 .net *"_s17", 0 0, L_00000000006cc230;  1 drivers
o00000000006ce238 .functor BUFZ 1, C4<z>; HiZ drive
v00000000006bf780_0 .net "ce", 0 0, o00000000006ce238;  0 drivers
o00000000006ce268 .functor BUFZ 1, C4<z>; HiZ drive
v00000000006bf820_0 .net "clk", 0 0, o00000000006ce268;  0 drivers
o00000000006ce298 .functor BUFZ 4, C4<zzzz>; HiZ drive
v00000000006bf8c0_0 .net "d", 3 0, o00000000006ce298;  0 drivers
o00000000006ce2c8 .functor BUFZ 1, C4<z>; HiZ drive
v00000000006bf960_0 .net "ld", 0 0, o00000000006ce2c8;  0 drivers
v00000000006bfa00_0 .var "q", 3 0;
v00000000006bfaa0_0 .net "qPone", 3 0, L_00000000006c0180;  1 drivers
o00000000006ce358 .functor BUFZ 1, C4<z>; HiZ drive
v00000000006bfb40_0 .net "rst", 0 0, o00000000006ce358;  0 drivers
E_00000000006ccf80 .event posedge, v00000000006bf820_0;
L_00000000006bfbe0 .part v00000000006bfa00_0, 1, 1;
L_00000000006bfc80 .part v00000000006bfa00_0, 0, 1;
L_00000000006bfdc0 .part v00000000006bfa00_0, 2, 1;
L_00000000006bfe60 .part v00000000006bfa00_0, 0, 2;
L_00000000006bffa0 .part v00000000006bfa00_0, 3, 1;
L_00000000006c0040 .part v00000000006bfa00_0, 0, 3;
L_00000000006c0180 .concat8 [ 1 1 1 1], L_00000000006cc230, L_00000000006cbc50, L_00000000006cbd50, L_00000000006cbdc0;
L_00000000006c0220 .part v00000000006bfa00_0, 0, 1;
S_00000000006cc5d0 .scope generate, "generate_counter_N[1]" "generate_counter_N[1]" 2 46, 2 46 0, S_00000000006cc440;
 .timescale 0 0;
P_00000000006cd000 .param/l "i" 0 2 46, +C4<01>;
L_00000000006cbc50 .functor XOR 1, L_00000000006bfbe0, L_00000000006bfd20, C4<0>, C4<0>;
v00000000006beec0_0 .net *"_s0", 0 0, L_00000000006bfbe0;  1 drivers
v00000000006bef60_0 .net *"_s1", 0 0, L_00000000006bfc80;  1 drivers
v00000000006bf000_0 .net *"_s3", 0 0, L_00000000006bfd20;  1 drivers
v00000000006bf0a0_0 .net *"_s4", 0 0, L_00000000006cbc50;  1 drivers
L_00000000006bfd20 .reduce/and L_00000000006bfc80;
S_00000000006cb930 .scope generate, "generate_counter_N[2]" "generate_counter_N[2]" 2 46, 2 46 0, S_00000000006cc440;
 .timescale 0 0;
P_00000000006cd300 .param/l "i" 0 2 46, +C4<010>;
L_00000000006cbd50 .functor XOR 1, L_00000000006bfdc0, L_00000000006bff00, C4<0>, C4<0>;
v00000000006bf140_0 .net *"_s0", 0 0, L_00000000006bfdc0;  1 drivers
v00000000006bf1e0_0 .net *"_s1", 1 0, L_00000000006bfe60;  1 drivers
v00000000006bf280_0 .net *"_s3", 0 0, L_00000000006bff00;  1 drivers
v00000000006bf320_0 .net *"_s4", 0 0, L_00000000006cbd50;  1 drivers
L_00000000006bff00 .reduce/and L_00000000006bfe60;
S_00000000006cbac0 .scope generate, "generate_counter_N[3]" "generate_counter_N[3]" 2 46, 2 46 0, S_00000000006cc440;
 .timescale 0 0;
P_00000000006cd100 .param/l "i" 0 2 46, +C4<011>;
L_00000000006cbdc0 .functor XOR 1, L_00000000006bffa0, L_00000000006c00e0, C4<0>, C4<0>;
v00000000006bf3c0_0 .net *"_s0", 0 0, L_00000000006bffa0;  1 drivers
v00000000006bf460_0 .net *"_s1", 2 0, L_00000000006c0040;  1 drivers
v00000000006bf500_0 .net *"_s3", 0 0, L_00000000006c00e0;  1 drivers
v00000000006bf5a0_0 .net *"_s4", 0 0, L_00000000006cbdc0;  1 drivers
L_00000000006c00e0 .reduce/and L_00000000006c0040;
    .scope S_00000000006cc440;
T_0 ;
    %wait E_00000000006ccf80;
    %load/vec4 v00000000006bfb40_0;
    %flag_set/vec4 8;
    %jmp/0xz  T_0.0, 8;
    %pushi/vec4 0, 0, 4;
    %assign/vec4 v00000000006bfa00_0, 0;
    %jmp T_0.1;
T_0.0 ;
    %load/vec4 v00000000006bf780_0;
    %inv;
    %flag_set/vec4 8;
    %jmp/0xz  T_0.2, 8;
    %load/vec4 v00000000006bfa00_0;
    %assign/vec4 v00000000006bfa00_0, 0;
    %jmp T_0.3;
T_0.2 ;
    %load/vec4 v00000000006bf960_0;
    %flag_set/vec4 8;
    %jmp/0xz  T_0.4, 8;
    %load/vec4 v00000000006bf8c0_0;
    %assign/vec4 v00000000006bfa00_0, 0;
    %jmp T_0.5;
T_0.4 ;
    %load/vec4 v00000000006bfaa0_0;
    %assign/vec4 v00000000006bfa00_0, 0;
T_0.5 ;
T_0.3 ;
T_0.1 ;
    %jmp T_0;
    .thread T_0;
# The file index is used to find the file name in the following table.
:file_names 3;
    "N/A";
    "<interactive>";
    "countrce.v";
