Running in Lattice mode


Starting:    C:\lscc\iCEcube2.2017.08\synpbase\bin64\mbin\synbatch.exe
Install:     C:\lscc\iCEcube2.2017.08\synpbase
Hostname:    WIN-L8CDESF9QDT
Date:        Sun May 19 07:49:03 2019
Version:     L-2016.09L+ice40

Arguments:   -product synplify_pro -batch dfgfdg_syn.prj
ProductType: synplify_pro





log file: "D:\PhotonUser\Lab32\dfgfdg\dfgfdg_Implmnt\dfgfdg.srr"
Running: dfgfdg_Implmnt in foreground

Running dfgfdg_syn|dfgfdg_Implmnt

Running: compile (Compile) on dfgfdg_syn|dfgfdg_Implmnt
# Sun May 19 07:49:03 2019

Running: compile_flow (Compile Process) on dfgfdg_syn|dfgfdg_Implmnt
# Sun May 19 07:49:03 2019

Running: compiler (Compile Input) on dfgfdg_syn|dfgfdg_Implmnt
# Sun May 19 07:49:03 2019
compiler exited with errors
Job failed on: dfgfdg_syn|dfgfdg_Implmnt

Job: "compiler" terminated with error status: 2
See log file: "D:\PhotonUser\Lab32\dfgfdg\dfgfdg_Implmnt\synlog\dfgfdg_compiler.srr"
# Sun May 19 07:49:04 2019

Return Code: 2
Run Time:00h:00m:01s
Complete: Compile Process on dfgfdg_syn|dfgfdg_Implmnt
Complete: Compile on dfgfdg_syn|dfgfdg_Implmnt
Complete: Logic Synthesis on dfgfdg_syn|dfgfdg_Implmnt

exit status=2

exit status=2

