C:\lscc\iCEcube2.2017.08\synpbase\bin64\c_hdl.exe  -osyn  D:\PhotonUser\Lab32\lab32\lab32_Implmnt\synwork\lab32_comp.srs  -hdllog  D:\PhotonUser\Lab32\lab32\lab32_Implmnt\synlog\lab32_compiler.srr  -encrypt  -mp  4  -verification_mode 0  -verilog  -prodtype  synplify_pro  -primux -fixsmult -infer_seqShift -ice -sdff_counter -nram -divnmod -nostructver   -I D:\PhotonUser\Lab32\lab32\  -I C:\lscc\iCEcube2.2017.08\synpbase\lib   -v2001  -devicelib  C:\lscc\iCEcube2.2017.08\synpbase\lib\generic\sb_ice40.v  -encrypt  -pro  -dmgen  D:\PhotonUser\Lab32\lab32\lab32_Implmnt\dm  -ui -fid2 -ram -sharing on -ll 2000 -autosm  -lib work D:\PhotonUser\Lab32\Half_Sec_Pulse_Every_Sec.v -lib work D:\PhotonUser\Lab32\Lab3_140L.v -lib work D:\PhotonUser\Lab32\NBitCounter.v -lib work D:\PhotonUser\Lab32\bcd2segment.v -lib work D:\PhotonUser\Lab32\buart.v -lib work D:\PhotonUser\Lab32\countrce.v -lib work D:\PhotonUser\Lab32\decodeKeys.v -lib work D:\PhotonUser\Lab32\dispString.v -lib work D:\PhotonUser\Lab32\fake_buart.v -lib work D:\PhotonUser\Lab32\fake_pll.v -lib work D:\PhotonUser\Lab32\latticehx1k.v -lib work D:\PhotonUser\Lab32\regrce.v -lib work D:\PhotonUser\Lab32\vbuf.v 
rc:0 success:1 runtime:2
file:D:\PhotonUser\Lab32\lab32\lab32_Implmnt\synwork\lab32_comp.srs|io:o|time:1558249786|size:53825|exec:0
file:D:\PhotonUser\Lab32\lab32\lab32_Implmnt\synlog\lab32_compiler.srr|io:o|time:1558249786|size:73856|exec:0
file:C:\lscc\iCEcube2.2017.08\synpbase\lib\generic\sb_ice40.v|io:i|time:1553706825|size:224837|exec:0
file:D:\PhotonUser\Lab32\Half_Sec_Pulse_Every_Sec.v|io:i|time:1558249704|size:3982|exec:0
file:D:\PhotonUser\Lab32\Lab3_140L.v|io:i|time:1558249704|size:11579|exec:0
file:D:\PhotonUser\Lab32\NBitCounter.v|io:i|time:1558249704|size:2432|exec:0
file:D:\PhotonUser\Lab32\bcd2segment.v|io:i|time:1558249704|size:3417|exec:0
file:D:\PhotonUser\Lab32\buart.v|io:i|time:1558249704|size:6512|exec:0
file:D:\PhotonUser\Lab32\countrce.v|io:i|time:1558249704|size:1982|exec:0
file:D:\PhotonUser\Lab32\decodeKeys.v|io:i|time:1558249704|size:3603|exec:0
file:D:\PhotonUser\Lab32\dispString.v|io:i|time:1558249704|size:2347|exec:0
file:D:\PhotonUser\Lab32\fake_buart.v|io:i|time:1558249704|size:1990|exec:0
file:D:\PhotonUser\Lab32\fake_pll.v|io:i|time:1558249704|size:1226|exec:0
file:D:\PhotonUser\Lab32\latticehx1k.v|io:i|time:1558249704|size:10325|exec:0
file:D:\PhotonUser\Lab32\regrce.v|io:i|time:1558249704|size:1706|exec:0
file:D:\PhotonUser\Lab32\vbuf.v|io:i|time:1558249704|size:27296|exec:0
file:C:\lscc\iCEcube2.2017.08\synpbase\bin\c_hdl.exe|io:i|time:1553706821|size:1338368|exec:1
file:C:\lscc\iCEcube2.2017.08\synpbase\bin64\c_hdl.exe|io:i|time:1553706822|size:1754112|exec:1
