Running in Lattice mode


Starting:    C:\lscc\iCEcube2.2017.08\synpbase\bin64\mbin\synbatch.exe
Install:     C:\lscc\iCEcube2.2017.08\synpbase
Hostname:    WIN-GGIFBNOAEQ3
Date:        Sun May 19 22:37:17 2019
Version:     L-2016.09L+ice40

Arguments:   -product synplify_pro -batch f23_syn.prj
ProductType: synplify_pro





log file: "D:\PhotonUser\Lab32\f23\f23_Implmnt\f23.srr"
Running: f23_Implmnt in foreground

Running f23_syn|f23_Implmnt

Running: compile (Compile) on f23_syn|f23_Implmnt
# Sun May 19 22:37:17 2019

Running: compile_flow (Compile Process) on f23_syn|f23_Implmnt
# Sun May 19 22:37:17 2019

Running: compiler (Compile Input) on f23_syn|f23_Implmnt
# Sun May 19 22:37:17 2019
Copied D:\PhotonUser\Lab32\f23\f23_Implmnt\synwork\f23_comp.srs to D:\PhotonUser\Lab32\f23\f23_Implmnt\f23.srs

compiler completed
# Sun May 19 22:37:19 2019

Return Code: 0
Run Time:00h:00m:02s

Running: multi_srs_gen (Multi-srs Generator) on f23_syn|f23_Implmnt
# Sun May 19 22:37:19 2019

multi_srs_gen completed
# Sun May 19 22:37:19 2019

Return Code: 0
Run Time:00h:00m:00s
Copied D:\PhotonUser\Lab32\f23\f23_Implmnt\synwork\f23_mult.srs to D:\PhotonUser\Lab32\f23\f23_Implmnt\f23.srs
Complete: Compile Process on f23_syn|f23_Implmnt

Running: premap (Pre-mapping) on f23_syn|f23_Implmnt
# Sun May 19 22:37:19 2019

premap completed with warnings
# Sun May 19 22:37:20 2019

Return Code: 1
Run Time:00h:00m:01s
Complete: Compile on f23_syn|f23_Implmnt

Running: map (Map) on f23_syn|f23_Implmnt
# Sun May 19 22:37:20 2019
License granted for 4 parallel jobs

Running: fpga_mapper (Map & Optimize) on f23_syn|f23_Implmnt
# Sun May 19 22:37:20 2019
Copied D:\PhotonUser\Lab32\f23\f23_Implmnt\synwork\f23_m.srm to D:\PhotonUser\Lab32\f23\f23_Implmnt\f23.srm

fpga_mapper completed with warnings
# Sun May 19 22:37:26 2019

Return Code: 1
Run Time:00h:00m:06s
Complete: Map on f23_syn|f23_Implmnt
Complete: Logic Synthesis on f23_syn|f23_Implmnt

exit status=0

exit status=0

