---------------------------------------
Resource Usage Report for latticehx1k 

Mapping to part: ice40hx1ktq144
Cell usage:
GND             34 uses
SB_CARRY        13 uses
SB_DFF          46 uses
SB_DFFE         4 uses
SB_DFFER        52 uses
SB_DFFES        6 uses
SB_DFFESR       29 uses
SB_DFFESS       7 uses
SB_DFFNE        8 uses
SB_DFFNESR      9 uses
SB_DFFNESS      1 use
SB_DFFNS        2 uses
SB_DFFNSR       46 uses
SB_DFFR         18 uses
SB_DFFS         6 uses
SB_DFFSR        14 uses
SB_DFFSS        7 uses
SB_GB           4 uses
SB_PLL40_CORE   1 use
SB_RAM512x8     1 use
VCC             34 uses
SB_LUT4         563 uses

I/O ports: 10
I/O primitives: 10
SB_IO          10 uses

I/O Register bits:                  0
Register bits not including I/Os:   255 (19%)

RAM/ROM usage summary
Block Rams : 1 of 16 (6%)


@S |Mapping Summary:
Total  LUTs: 563 (43%)

Distribution of All Consumed LUTs = LUT4 
Distribution of All Consumed Luts 563 = 563 

