* ******************************************************************************

* iCEcube Placer

* Version:            2017.08.27940

* Build Date:         Sep 11 2017 17:12:22

* File Generated:     May 20 2019 23:27:07

* Purpose:            

* Copyright (C) 2006-2010 by Lattice Semiconductor Corp. All rights reserved.

* ******************************************************************************

Executing : C:\lscc\iCEcube2.2017.08\sbt_backend\bin\win32\opt\sbtplacer.exe --des-lib D:/PhotonUser/Lab32/Lab3/Lab3_Implmnt\sbt\netlist\oadb-latticehx1k --outdir D:/PhotonUser/Lab32/Lab3/Lab3_Implmnt\sbt\outputs\placer --device-file C:\lscc\iCEcube2.2017.08\sbt_backend\devices\ICE40P01.dev --package TQ144 --deviceMarketName iCE40HX1K --sdc-file D:/PhotonUser/Lab32/Lab3/Lab3_Implmnt\sbt\Temp/sbt_temp.sdc --lib-file C:\lscc\iCEcube2.2017.08\sbt_backend\devices\ice40HX1K.lib --effort_level std --out-sdc-file D:/PhotonUser/Lab32/Lab3/Lab3_Implmnt\sbt\outputs\placer\latticehx1k_pl.sdc
I2004: Option and Settings Summary
=============================================================
Device file          - C:\lscc\iCEcube2.2017.08\sbt_backend\devices\ICE40P01.dev
Package              - TQ144
Design database      - D:/PhotonUser/Lab32/Lab3/Lab3_Implmnt\sbt\netlist\oadb-latticehx1k
SDC file             - D:/PhotonUser/Lab32/Lab3/Lab3_Implmnt\sbt\Temp/sbt_temp.sdc
Output directory     - D:/PhotonUser/Lab32/Lab3/Lab3_Implmnt\sbt\outputs\placer
Timing library       - C:\lscc\iCEcube2.2017.08\sbt_backend\devices\ice40HX1K.lib
Effort level         - std

I2050: Starting reading inputs for placer
=============================================================
I2100: Reading design library: D:/PhotonUser/Lab32/Lab3/Lab3_Implmnt\sbt\netlist\oadb-latticehx1k/BFPGA_DESIGN_ep
I2065: Reading device file : C:\lscc\iCEcube2.2017.08\sbt_backend\devices\ICE40P01.dev
I2051: Reading of inputs for placer completed successfully

I2053: Starting placement of the design
=============================================================

Input Design Statistics
    Number of LUTs      	:	597
    Number of DFFs      	:	252
    Number of DFFs packed to IO	:	0
    Number of Carrys    	:	13
    Number of RAMs      	:	1
    Number of ROMs      	:	0
    Number of IOs       	:	10
    Number of GBIOs     	:	0
    Number of GBs       	:	5
    Number of WarmBoot  	:	0
    Number of PLLs      	:	1


Phase 1
I2077: Start design legalization

Design Legalization Statistics
    Number of feedthru LUTs inserted to legalize input of DFFs     	:	33
    Number of feedthru LUTs inserted for LUTs driving multiple DFFs	:	0
    Number of LUTs replicated for LUTs driving multiple DFFs       	:	16
    Number of feedthru LUTs inserted to legalize output of CARRYs  	:	5
    Number of feedthru LUTs inserted to legalize global signals    	:	0
    Number of feedthru CARRYs inserted to legalize input of CARRYs 	:	0
    Number of inserted LUTs to Legalize IOs with PIN_TYPE= 01xxxx  	:	0
    Number of inserted LUTs to Legalize IOs with PIN_TYPE= 10xxxx  	:	0
    Number of inserted LUTs to Legalize IOs with PIN_TYPE= 11xxxx  	:	0
    Total LUTs inserted                                            	:	54
    Total CARRYs inserted                                          	:	0


I2078: Design legalization is completed successfully
I2088: Phase 1, elapsed time : 0.0 (sec)


Phase 2
I2088: Phase 2, elapsed time : 0.1 (sec)

Phase 3
Info-1404: Inferred PLL generated clock at latticehx1k_pll_inst.latticehx1k_pll_inst/PLLOUTCORE
Info-1404: Inferred PLL generated clock at latticehx1k_pll_inst.latticehx1k_pll_inst/PLLOUTGLOBAL
Warning-1035: Removing timing arc from pin "Lab_UT.dictrl.shifter_ret_3_RNI_LC_95/in2" to pin "Lab_UT.dictrl.shifter_ret_3_RNI_LC_95/lcout" to break the combinatorial loop
Warning-1035: Removing timing arc from pin "Lab_UT.dictrl.shifter_ret_3_RNI6626_LC_98/in1" to pin "Lab_UT.dictrl.shifter_ret_3_RNI6626_LC_98/lcout" to break the combinatorial loop
Warning-1035: Removing timing arc from pin "Lab_UT.dictrl.shifter_ret_3_RNIK5FS8_LC_100/in0" to pin "Lab_UT.dictrl.shifter_ret_3_RNIK5FS8_LC_100/lcout" to break the combinatorial loop
Warning-1035: Removing timing arc from pin "Lab_UT.dictrl.shifter_ret_3_RNI4PQ1_LC_96/in0" to pin "Lab_UT.dictrl.shifter_ret_3_RNI4PQ1_LC_96/lcout" to break the combinatorial loop
Warning-1035: Removing timing arc from pin "Lab_UT.dictrl.shifter_ret_3_RNIK5FS8_LC_100/in3" to pin "Lab_UT.dictrl.shifter_ret_3_RNIK5FS8_LC_100/lcout" to break the combinatorial loop
Warning-1035: Removing timing arc from pin "Lab_UT.dictrl.shifter_ret_3_RNIQBH29_LC_102/in3" to pin "Lab_UT.dictrl.shifter_ret_3_RNIQBH29_LC_102/lcout" to break the combinatorial loop
Warning-1035: Removing timing arc from pin "Lab_UT.dictrl.shifter_ret_3_RNIGCKQ8_LC_99/in2" to pin "Lab_UT.dictrl.shifter_ret_3_RNIGCKQ8_LC_99/lcout" to break the combinatorial loop
Warning-1035: Removing timing arc from pin "Lab_UT.dictrl.shifter_ret_3_RNIQBH29_LC_102/in2" to pin "Lab_UT.dictrl.shifter_ret_3_RNIQBH29_LC_102/lcout" to break the combinatorial loop
Warning-1035: Removing timing arc from pin "Lab_UT.dictrl.shifter_ret_3_RNIQBH29_LC_102/in1" to pin "Lab_UT.dictrl.shifter_ret_3_RNIQBH29_LC_102/lcout" to break the combinatorial loop
Warning-1035: Removing timing arc from pin "Lab_UT.dictrl.shifter_ret_3_RNIGCKQ8_LC_99/in3" to pin "Lab_UT.dictrl.shifter_ret_3_RNIGCKQ8_LC_99/lcout" to break the combinatorial loop
Warning-1035: Removing timing arc from pin "Lab_UT.dictrl.shifter_ret_3_RNIK5FS8_LC_100/in1" to pin "Lab_UT.dictrl.shifter_ret_3_RNIK5FS8_LC_100/lcout" to break the combinatorial loop

Design Statistics after Packing
    Number of LUTs      	:	652
    Number of DFFs      	:	252
    Number of DFFs packed to IO	:	0
    Number of Carrys    	:	13

Device Utilization Summary after Packing
    Sequential LogicCells
        LUT and DFF      	:	247
        LUT, DFF and CARRY	:	5
    Combinational LogicCells
        Only LUT         	:	395
        CARRY Only       	:	3
        LUT with CARRY   	:	5
    LogicCells                  :	655/1280
    PLBs                        :	105/160
    BRAMs                       :	1/16
    IOs and GBIOs               :	10/96
    PLLs                        :	1/1


I2088: Phase 3, elapsed time : 1.3 (sec)

Phase 4
I2088: Phase 4, elapsed time : 0.1 (sec)

Phase 5
I2088: Phase 5, elapsed time : 1.8 (sec)

Phase 6
I2088: Phase 6, elapsed time : 25.8 (sec)

Final Design Statistics
    Number of LUTs      	:	652
    Number of DFFs      	:	252
    Number of DFFs packed to IO	:	0
    Number of Carrys    	:	13
    Number of RAMs      	:	1
    Number of ROMs      	:	0
    Number of IOs       	:	10
    Number of GBIOs     	:	0
    Number of GBs       	:	5
    Number of WarmBoot  	:	0
    Number of PLLs      	:	1

Device Utilization Summary
    LogicCells                  :	655/1280
    PLBs                        :	124/160
    BRAMs                       :	1/16
    IOs and GBIOs               :	10/96
    PLLs                        :	1/1



#####################################################################
Placement Timing Summary

The timing summary is based on estimated routing delays after
placement. For final timing report, please carry out the timing
analysis after routing.
=====================================================================

#####################################################################
                     Clock Summary 
=====================================================================
Number of clocks: 3
Clock: latticehx1k_pll_inst.latticehx1k_pll_inst/PLLOUTCORE | Frequency: 53.70 MHz | Target: 65.36 MHz
Clock: latticehx1k_pll_inst.latticehx1k_pll_inst/PLLOUTGLOBAL | Frequency: N/A | Target: 65.36 MHz
Clock: latticehx1k|clk_in | Frequency: N/A | Target: 65.36 MHz

=====================================================================
                     End of Clock Summary
#####################################################################

I2054: Placement of design completed successfully

I2076: Placer run-time: 29.7 sec.

