---------------------------------------
Resource Usage Report for latticehx1k 

Mapping to part: ice40hx1ktq144
Cell usage:
GND             27 uses
SB_CARRY        13 uses
SB_DFF          53 uses
SB_DFFE         1 use
SB_DFFER        36 uses
SB_DFFES        5 uses
SB_DFFESR       4 uses
SB_DFFNE        8 uses
SB_DFFNESR      12 uses
SB_DFFNESS      1 use
SB_DFFNS        2 uses
SB_DFFNSR       49 uses
SB_DFFR         18 uses
SB_DFFS         11 uses
SB_DFFSR        26 uses
SB_DFFSS        6 uses
SB_GB           3 uses
SB_PLL40_CORE   1 use
SB_RAM512x8     1 use
VCC             27 uses
SB_LUT4         508 uses

I/O ports: 10
I/O primitives: 10
SB_IO          10 uses

I/O Register bits:                  0
Register bits not including I/Os:   232 (18%)

RAM/ROM usage summary
Block Rams : 1 of 16 (6%)


@S |Mapping Summary:
Total  LUTs: 508 (39%)

Distribution of All Consumed LUTs = LUT4 
Distribution of All Consumed Luts 508 = 508 

