Analysis & Synthesis report for Lab3_140L
Sun May 19 01:24:29 2019
Quartus Prime Version 18.1.0 Build 625 09/12/2018 SJ Lite Edition


---------------------
; Table of Contents ;
---------------------
  1. Legal Notice
  2. Analysis & Synthesis Summary
  3. Analysis & Synthesis Settings
  4. Parallel Compilation
  5. Analysis & Synthesis Messages



----------------
; Legal Notice ;
----------------
Copyright (C) 2018  Intel Corporation. All rights reserved.
Your use of Intel Corporation's design tools, logic functions 
and other software and tools, and its AMPP partner logic 
functions, and any output files from any of the foregoing 
(including device programming or simulation files), and any 
associated documentation or information are expressly subject 
to the terms and conditions of the Intel Program License 
Subscription Agreement, the Intel Quartus Prime License Agreement,
the Intel FPGA IP License Agreement, or other applicable license
agreement, including, without limitation, that your use is for
the sole purpose of programming logic devices manufactured by
Intel and sold by Intel or its authorized distributors.  Please
refer to the applicable agreement for further details.



+---------------------------------------------------------------------------+
; Analysis & Synthesis Summary                                              ;
+-----------------------------+---------------------------------------------+
; Analysis & Synthesis Status ; Failed - Sun May 19 01:24:29 2019           ;
; Quartus Prime Version       ; 18.1.0 Build 625 09/12/2018 SJ Lite Edition ;
; Revision Name               ; Lab3_140L                                   ;
; Top-level Entity Name       ; Lab3_140L                                   ;
; Family                      ; MAX V                                       ;
+-----------------------------+---------------------------------------------+


+------------------------------------------------------------------------------------------------------------+
; Analysis & Synthesis Settings                                                                              ;
+------------------------------------------------------------------+--------------------+--------------------+
; Option                                                           ; Setting            ; Default Value      ;
+------------------------------------------------------------------+--------------------+--------------------+
; Device                                                           ; 5M2210ZF324I5      ;                    ;
; Top-level entity name                                            ; Lab3_140L          ; Lab3_140L          ;
; Family name                                                      ; MAX V              ; Cyclone V          ;
; Use smart compilation                                            ; Off                ; Off                ;
; Enable parallel Assembler and Timing Analyzer during compilation ; On                 ; On                 ;
; Enable compact report table                                      ; Off                ; Off                ;
; Restructure Multiplexers                                         ; Auto               ; Auto               ;
; Create Debugging Nodes for IP Cores                              ; Off                ; Off                ;
; Preserve fewer node names                                        ; On                 ; On                 ;
; Intel FPGA IP Evaluation Mode                                    ; Enable             ; Enable             ;
; Verilog Version                                                  ; Verilog_2001       ; Verilog_2001       ;
; VHDL Version                                                     ; VHDL_1993          ; VHDL_1993          ;
; State Machine Processing                                         ; Auto               ; Auto               ;
; Safe State Machine                                               ; Off                ; Off                ;
; Extract Verilog State Machines                                   ; On                 ; On                 ;
; Extract VHDL State Machines                                      ; On                 ; On                 ;
; Ignore Verilog initial constructs                                ; Off                ; Off                ;
; Iteration limit for constant Verilog loops                       ; 5000               ; 5000               ;
; Iteration limit for non-constant Verilog loops                   ; 250                ; 250                ;
; Add Pass-Through Logic to Inferred RAMs                          ; On                 ; On                 ;
; Infer RAMs from Raw Logic                                        ; On                 ; On                 ;
; Parallel Synthesis                                               ; On                 ; On                 ;
; NOT Gate Push-Back                                               ; On                 ; On                 ;
; Power-Up Don't Care                                              ; On                 ; On                 ;
; Remove Redundant Logic Cells                                     ; Off                ; Off                ;
; Remove Duplicate Registers                                       ; On                 ; On                 ;
; Ignore CARRY Buffers                                             ; Off                ; Off                ;
; Ignore CASCADE Buffers                                           ; Off                ; Off                ;
; Ignore GLOBAL Buffers                                            ; Off                ; Off                ;
; Ignore ROW GLOBAL Buffers                                        ; Off                ; Off                ;
; Ignore LCELL Buffers                                             ; Off                ; Off                ;
; Ignore SOFT Buffers                                              ; On                 ; On                 ;
; Limit AHDL Integers to 32 Bits                                   ; Off                ; Off                ;
; Optimization Technique                                           ; Balanced           ; Balanced           ;
; Carry Chain Length                                               ; 70                 ; 70                 ;
; Auto Carry Chains                                                ; On                 ; On                 ;
; Auto Open-Drain Pins                                             ; On                 ; On                 ;
; Perform WYSIWYG Primitive Resynthesis                            ; Off                ; Off                ;
; Auto Shift Register Replacement                                  ; Auto               ; Auto               ;
; Allow Shift Register Merging across Hierarchies                  ; Auto               ; Auto               ;
; Auto Clock Enable Replacement                                    ; On                 ; On                 ;
; Allow Synchronous Control Signals                                ; On                 ; On                 ;
; Force Use of Synchronous Clear Signals                           ; Off                ; Off                ;
; Auto Resource Sharing                                            ; Off                ; Off                ;
; Use LogicLock Constraints during Resource Balancing              ; On                 ; On                 ;
; Ignore translate_off and synthesis_off directives                ; Off                ; Off                ;
; Report Parameter Settings                                        ; On                 ; On                 ;
; Report Source Assignments                                        ; On                 ; On                 ;
; Report Connectivity Checks                                       ; On                 ; On                 ;
; Ignore Maximum Fan-Out Assignments                               ; Off                ; Off                ;
; Synchronization Register Chain Length                            ; 2                  ; 2                  ;
; Power Optimization During Synthesis                              ; Normal compilation ; Normal compilation ;
; HDL message level                                                ; Level2             ; Level2             ;
; Suppress Register Optimization Related Messages                  ; Off                ; Off                ;
; Number of Removed Registers Reported in Synthesis Report         ; 5000               ; 5000               ;
; Number of Swept Nodes Reported in Synthesis Report               ; 5000               ; 5000               ;
; Number of Inverted Registers Reported in Synthesis Report        ; 100                ; 100                ;
; Clock MUX Protection                                             ; On                 ; On                 ;
; Block Design Naming                                              ; Auto               ; Auto               ;
; Synthesis Effort                                                 ; Auto               ; Auto               ;
; Shift Register Replacement - Allow Asynchronous Clear Signal     ; On                 ; On                 ;
; Analysis & Synthesis Message Level                               ; Medium             ; Medium             ;
; Disable Register Merging Across Hierarchies                      ; Auto               ; Auto               ;
+------------------------------------------------------------------+--------------------+--------------------+


+------------------------------------------+
; Parallel Compilation                     ;
+----------------------------+-------------+
; Processors                 ; Number      ;
+----------------------------+-------------+
; Number detected on machine ; 8           ;
; Maximum allowed            ; 4           ;
;                            ;             ;
; Average used               ; 1.00        ;
; Maximum used               ; 1           ;
;                            ;             ;
; Usage by Processor         ; % Time Used ;
;     Processor 1            ; 100.0%      ;
+----------------------------+-------------+


+-------------------------------+
; Analysis & Synthesis Messages ;
+-------------------------------+
Info: *******************************************************************
Info: Running Quartus Prime Analysis & Synthesis
    Info: Version 18.1.0 Build 625 09/12/2018 SJ Lite Edition
    Info: Processing started: Sun May 19 01:24:20 2019
Info: Command: quartus_map --read_settings_files=on --write_settings_files=off Lab3_140L -c Lab3_140L
Warning (18236): Number of processors has not been specified which may cause overloading on shared machines.  Set the global assignment NUM_PARALLEL_PROCESSORS in your QSF to an appropriate value for best performance.
Info (20030): Parallel compilation is enabled and will use 4 of the 4 processors detected
Warning (10335): Unrecognized synthesis attribute "syn_force_pads" at vbuf.v(70) File: C:/Users/Arman/Desktop/Lab3/vbuf.v Line: 70
Info (12021): Found 2 design units, including 2 entities, in source file vbuf.v
    Info (12023): Found entity 1: vbuf File: C:/Users/Arman/Desktop/Lab3/vbuf.v Line: 66
    Info (12023): Found entity 2: latticeDulPortRam512x8 File: C:/Users/Arman/Desktop/Lab3/vbuf.v Line: 634
Info (12021): Found 1 design units, including 1 entities, in source file top_sft.v
    Info (12023): Found entity 1: top_sft File: C:/Users/Arman/Desktop/Lab3/top_sft.v Line: 1
Info (12021): Found 1 design units, including 1 entities, in source file tb_sft.v
    Info (12023): Found entity 1: tb_sft File: C:/Users/Arman/Desktop/Lab3/tb_sft.v Line: 35
Info (12021): Found 1 design units, including 1 entities, in source file regrce.v
    Info (12023): Found entity 1: regrce File: C:/Users/Arman/Desktop/Lab3/regrce.v Line: 39
Info (12021): Found 1 design units, including 1 entities, in source file nbitcounter.v
    Info (12023): Found entity 1: N_bit_counter File: C:/Users/Arman/Desktop/Lab3/NBitCounter.v Line: 31
Info (12021): Found 4 design units, including 4 entities, in source file latticehx1k.v
    Info (12023): Found entity 1: inpin File: C:/Users/Arman/Desktop/Lab3/latticehx1k.v Line: 43
    Info (12023): Found entity 2: resetGen File: C:/Users/Arman/Desktop/Lab3/latticehx1k.v Line: 64
    Info (12023): Found entity 3: latticehx1k File: C:/Users/Arman/Desktop/Lab3/latticehx1k.v Line: 95
    Info (12023): Found entity 4: latticehx1k_pll File: C:/Users/Arman/Desktop/Lab3/latticehx1k.v Line: 355
Error (10170): Verilog HDL syntax error at Lab3_140L.v(83) near text: '. Check for and fix any syntax errors that appear immediately before or at the specified keyword. The Intel FPGA Knowledge Database contains many articles with specific details on how to resolve this error. Visit the Knowledge Database at https://www.altera.com/support/support-resources/knowledge-base/search.html and search for this specific error message number. File: C:/Users/Arman/Desktop/Lab3/Lab3_140L.v Line: 83
Error (10170): Verilog HDL syntax error at Lab3_140L.v(83) near text: "'";  expecting ")". Check for and fix any syntax errors that appear immediately before or at the specified keyword. The Intel FPGA Knowledge Database contains many articles with specific details on how to resolve this error. Visit the Knowledge Database at https://www.altera.com/support/support-resources/knowledge-base/search.html and search for this specific error message number. File: C:/Users/Arman/Desktop/Lab3/Lab3_140L.v Line: 83
Error (10170): Verilog HDL syntax error at Lab3_140L.v(84) near text: '. Check for and fix any syntax errors that appear immediately before or at the specified keyword. The Intel FPGA Knowledge Database contains many articles with specific details on how to resolve this error. Visit the Knowledge Database at https://www.altera.com/support/support-resources/knowledge-base/search.html and search for this specific error message number. File: C:/Users/Arman/Desktop/Lab3/Lab3_140L.v Line: 84
Error (10112): Ignored design unit "Lab3_140L" at Lab3_140L.v(26) due to previous errors File: C:/Users/Arman/Desktop/Lab3/Lab3_140L.v Line: 26
Error (10112): Ignored design unit "didp" at Lab3_140L.v(105) due to previous errors File: C:/Users/Arman/Desktop/Lab3/Lab3_140L.v Line: 105
Error (10112): Ignored design unit "dictrl" at Lab3_140L.v(212) due to previous errors File: C:/Users/Arman/Desktop/Lab3/Lab3_140L.v Line: 212
Info (12021): Found 0 design units, including 0 entities, in source file lab3_140l.v
Info (12021): Found 1 design units, including 1 entities, in source file half_sec_pulse_every_sec.v
    Info (12023): Found entity 1: Half_Sec_Pulse_Per_Sec File: C:/Users/Arman/Desktop/Lab3/Half_Sec_Pulse_Every_Sec.v Line: 44
Info (12021): Found 1 design units, including 1 entities, in source file fake_pll.v
    Info (12023): Found entity 1: fake_pll File: C:/Users/Arman/Desktop/Lab3/fake_pll.v Line: 26
Info (12021): Found 1 design units, including 1 entities, in source file fake_buart.v
    Info (12023): Found entity 1: fake_buart File: C:/Users/Arman/Desktop/Lab3/fake_buart.v Line: 30
Info (12021): Found 1 design units, including 1 entities, in source file dispstring.v
    Info (12023): Found entity 1: dispString File: C:/Users/Arman/Desktop/Lab3/dispString.v Line: 39
Info (12021): Found 1 design units, including 1 entities, in source file decodekeys.v
    Info (12023): Found entity 1: decodeKeys File: C:/Users/Arman/Desktop/Lab3/decodeKeys.v Line: 45
Info (12021): Found 1 design units, including 1 entities, in source file countrce.v
    Info (12023): Found entity 1: countrce File: C:/Users/Arman/Desktop/Lab3/countrce.v Line: 33
Info (12021): Found 5 design units, including 5 entities, in source file buart.v
    Info (12023): Found entity 1: baudgen File: C:/Users/Arman/Desktop/Lab3/buart.v Line: 42
    Info (12023): Found entity 2: baudgen2 File: C:/Users/Arman/Desktop/Lab3/buart.v Line: 62
    Info (12023): Found entity 3: uart File: C:/Users/Arman/Desktop/Lab3/buart.v Line: 91
    Info (12023): Found entity 4: rxuart File: C:/Users/Arman/Desktop/Lab3/buart.v Line: 132
    Info (12023): Found entity 5: buart File: C:/Users/Arman/Desktop/Lab3/buart.v Line: 199
Info (12021): Found 1 design units, including 1 entities, in source file bcd2segment.v
    Info (12023): Found entity 1: bcd2segment File: C:/Users/Arman/Desktop/Lab3/bcd2segment.v Line: 49
Error: Quartus Prime Analysis & Synthesis was unsuccessful. 6 errors, 2 warnings
    Error: Peak virtual memory: 548 megabytes
    Error: Processing ended: Sun May 19 01:24:29 2019
    Error: Elapsed time: 00:00:09
    Error: Total CPU time (on all processors): 00:00:23


