Running in Lattice mode


Starting:    C:\lscc\iCEcube2.2017.08\synpbase\bin64\mbin\synbatch.exe
Install:     C:\lscc\iCEcube2.2017.08\synpbase
Hostname:    WIN-L8CDESF9QDT
Date:        Sun May 19 07:09:45 2019
Version:     L-2016.09L+ice40

Arguments:   -product synplify_pro -batch lab32_syn.prj
ProductType: synplify_pro





log file: "D:\PhotonUser\Lab32\lab32\lab32_Implmnt\lab32.srr"
Running: lab32_Implmnt in foreground

Running lab32_syn|lab32_Implmnt

Running: compile (Compile) on lab32_syn|lab32_Implmnt
# Sun May 19 07:09:45 2019

Running: compile_flow (Compile Process) on lab32_syn|lab32_Implmnt
# Sun May 19 07:09:45 2019

Running: compiler (Compile Input) on lab32_syn|lab32_Implmnt
# Sun May 19 07:09:45 2019
Copied D:\PhotonUser\Lab32\lab32\lab32_Implmnt\synwork\lab32_comp.srs to D:\PhotonUser\Lab32\lab32\lab32_Implmnt\lab32.srs

compiler completed
# Sun May 19 07:09:47 2019

Return Code: 0
Run Time:00h:00m:02s

Running: multi_srs_gen (Multi-srs Generator) on lab32_syn|lab32_Implmnt
# Sun May 19 07:09:47 2019

multi_srs_gen completed
# Sun May 19 07:09:47 2019

Return Code: 0
Run Time:00h:00m:00s
Copied D:\PhotonUser\Lab32\lab32\lab32_Implmnt\synwork\lab32_mult.srs to D:\PhotonUser\Lab32\lab32\lab32_Implmnt\lab32.srs
Complete: Compile Process on lab32_syn|lab32_Implmnt

Running: premap (Pre-mapping) on lab32_syn|lab32_Implmnt
# Sun May 19 07:09:47 2019

premap completed with warnings
# Sun May 19 07:09:48 2019

Return Code: 1
Run Time:00h:00m:01s
Complete: Compile on lab32_syn|lab32_Implmnt

Running: map (Map) on lab32_syn|lab32_Implmnt
# Sun May 19 07:09:48 2019
License granted for 4 parallel jobs

Running: fpga_mapper (Map & Optimize) on lab32_syn|lab32_Implmnt
# Sun May 19 07:09:48 2019
Copied D:\PhotonUser\Lab32\lab32\lab32_Implmnt\synwork\lab32_m.srm to D:\PhotonUser\Lab32\lab32\lab32_Implmnt\lab32.srm

fpga_mapper completed with warnings
# Sun May 19 07:09:54 2019

Return Code: 1
Run Time:00h:00m:06s
Complete: Map on lab32_syn|lab32_Implmnt
Complete: Logic Synthesis on lab32_syn|lab32_Implmnt

exit status=0

exit status=0

