Running in Lattice mode


Starting:    C:\lscc\iCEcube2.2017.08\synpbase\bin64\mbin\synbatch.exe
Install:     C:\lscc\iCEcube2.2017.08\synpbase
Hostname:    WIN-CQGD04421IJ
Date:        Mon May 20 23:48:58 2019
Version:     L-2016.09L+ice40

Arguments:   -product synplify_pro -batch Lab3_syn.prj
ProductType: synplify_pro





log file: "D:\PhotonUser\Lab32\Lab3\Lab3_Implmnt\Lab3.srr"
Running: Lab3_Implmnt in foreground

Running Lab3_syn|Lab3_Implmnt

Running: compile (Compile) on Lab3_syn|Lab3_Implmnt
# Mon May 20 23:48:58 2019

Running: compile_flow (Compile Process) on Lab3_syn|Lab3_Implmnt
# Mon May 20 23:48:58 2019

Running: compiler (Compile Input) on Lab3_syn|Lab3_Implmnt
# Mon May 20 23:48:58 2019
Copied D:\PhotonUser\Lab32\Lab3\Lab3_Implmnt\synwork\Lab3_comp.srs to D:\PhotonUser\Lab32\Lab3\Lab3_Implmnt\Lab3.srs

compiler completed
# Mon May 20 23:48:59 2019

Return Code: 0
Run Time:00h:00m:01s

Running: multi_srs_gen (Multi-srs Generator) on Lab3_syn|Lab3_Implmnt
# Mon May 20 23:48:59 2019

multi_srs_gen completed
# Mon May 20 23:49:00 2019

Return Code: 0
Run Time:00h:00m:01s
Copied D:\PhotonUser\Lab32\Lab3\Lab3_Implmnt\synwork\Lab3_mult.srs to D:\PhotonUser\Lab32\Lab3\Lab3_Implmnt\Lab3.srs
Complete: Compile Process on Lab3_syn|Lab3_Implmnt

Running: premap (Pre-mapping) on Lab3_syn|Lab3_Implmnt
# Mon May 20 23:49:00 2019

premap completed with warnings
# Mon May 20 23:49:00 2019

Return Code: 1
Run Time:00h:00m:00s
Complete: Compile on Lab3_syn|Lab3_Implmnt

Running: map (Map) on Lab3_syn|Lab3_Implmnt
# Mon May 20 23:49:00 2019
License granted for 4 parallel jobs

Running: fpga_mapper (Map & Optimize) on Lab3_syn|Lab3_Implmnt
# Mon May 20 23:49:00 2019
Copied D:\PhotonUser\Lab32\Lab3\Lab3_Implmnt\synwork\Lab3_m.srm to D:\PhotonUser\Lab32\Lab3\Lab3_Implmnt\Lab3.srm

fpga_mapper completed with warnings
# Mon May 20 23:49:07 2019

Return Code: 1
Run Time:00h:00m:07s
Complete: Map on Lab3_syn|Lab3_Implmnt
Complete: Logic Synthesis on Lab3_syn|Lab3_Implmnt

exit status=0

exit status=0

