---------------------------------------
Resource Usage Report for latticehx1k 

Mapping to part: ice40hx1ktq144
Cell usage:
GND             29 uses
SB_CARRY        13 uses
SB_DFF          54 uses
SB_DFFER        36 uses
SB_DFFES        5 uses
SB_DFFESR       4 uses
SB_DFFNE        8 uses
SB_DFFNESR      13 uses
SB_DFFNS        2 uses
SB_DFFNSR       44 uses
SB_DFFNSS       1 use
SB_DFFR         18 uses
SB_DFFS         11 uses
SB_DFFSR        26 uses
SB_DFFSS        6 uses
SB_GB           3 uses
SB_PLL40_CORE   1 use
SB_RAM512x8     1 use
VCC             29 uses
SB_LUT4         498 uses

I/O ports: 10
I/O primitives: 10
SB_IO          10 uses

I/O Register bits:                  0
Register bits not including I/Os:   228 (17%)

RAM/ROM usage summary
Block Rams : 1 of 16 (6%)


@S |Mapping Summary:
Total  LUTs: 498 (38%)

Distribution of All Consumed LUTs = LUT4 
Distribution of All Consumed Luts 498 = 498 

